{"/home/yonaka/46/src/buildTree.js": {"path":"/home/yonaka/46/src/buildTree.js","statementMap":{"0":{"start":{"line":3,"column":17},"end":{"line":8,"column":1}},"1":{"start":{"line":4,"column":18},"end":{"line":4,"column":36}},"2":{"start":{"line":5,"column":18},"end":{"line":5,"column":36}},"3":{"start":{"line":6,"column":23},"end":{"line":6,"column":54}},"4":{"start":{"line":7,"column":4},"end":{"line":7,"column":21}},"5":{"start":{"line":10,"column":18},"end":{"line":34,"column":1}},"6":{"start":{"line":11,"column":17},"end":{"line":11,"column":39}},"7":{"start":{"line":12,"column":21},"end":{"line":32,"column":6}},"8":{"start":{"line":13,"column":25},"end":{"line":13,"column":35}},"9":{"start":{"line":14,"column":25},"end":{"line":14,"column":35}},"10":{"start":{"line":15,"column":8},"end":{"line":31,"column":9}},"11":{"start":{"line":17,"column":12},"end":{"line":17,"column":85}},"12":{"start":{"line":19,"column":12},"end":{"line":19,"column":62}},"13":{"start":{"line":21,"column":12},"end":{"line":21,"column":64}},"14":{"start":{"line":23,"column":12},"end":{"line":25,"column":13}},"15":{"start":{"line":24,"column":16},"end":{"line":24,"column":69}},"16":{"start":{"line":26,"column":12},"end":{"line":28,"column":13}},"17":{"start":{"line":30,"column":12},"end":{"line":30,"column":65}},"18":{"start":{"line":33,"column":4},"end":{"line":33,"column":19}}},"fnMap":{"0":{"name":"(anonymous_0)","decl":{"start":{"line":3,"column":17},"end":{"line":3,"column":18}},"loc":{"start":{"line":3,"column":35},"end":{"line":8,"column":1}},"line":3},"1":{"name":"(anonymous_1)","decl":{"start":{"line":10,"column":18},"end":{"line":10,"column":19}},"loc":{"start":{"line":10,"column":36},"end":{"line":34,"column":1}},"line":10},"2":{"name":"(anonymous_2)","decl":{"start":{"line":12,"column":30},"end":{"line":12,"column":31}},"loc":{"start":{"line":12,"column":39},"end":{"line":32,"column":5}},"line":12}},"branchMap":{"0":{"loc":{"start":{"line":15,"column":8},"end":{"line":31,"column":9}},"type":"switch","locations":[{"start":{"line":16,"column":8},"end":{"line":17,"column":85}},{"start":{"line":18,"column":8},"end":{"line":19,"column":62}},{"start":{"line":20,"column":8},"end":{"line":21,"column":64}},{"start":{"line":22,"column":8},"end":{"line":28,"column":13}},{"start":{"line":29,"column":8},"end":{"line":30,"column":65}}],"line":15},"1":{"loc":{"start":{"line":16,"column":13},"end":{"line":16,"column":57}},"type":"binary-expr","locations":[{"start":{"line":16,"column":13},"end":{"line":16,"column":33}},{"start":{"line":16,"column":37},"end":{"line":16,"column":57}}],"line":16},"2":{"loc":{"start":{"line":18,"column":13},"end":{"line":18,"column":52}},"type":"binary-expr","locations":[{"start":{"line":18,"column":13},"end":{"line":18,"column":31}},{"start":{"line":18,"column":35},"end":{"line":18,"column":52}}],"line":18},"3":{"loc":{"start":{"line":20,"column":13},"end":{"line":20,"column":52}},"type":"binary-expr","locations":[{"start":{"line":20,"column":13},"end":{"line":20,"column":30}},{"start":{"line":20,"column":34},"end":{"line":20,"column":52}}],"line":20},"4":{"loc":{"start":{"line":22,"column":13},"end":{"line":22,"column":51}},"type":"binary-expr","locations":[{"start":{"line":22,"column":13},"end":{"line":22,"column":30}},{"start":{"line":22,"column":34},"end":{"line":22,"column":51}}],"line":22},"5":{"loc":{"start":{"line":23,"column":12},"end":{"line":25,"column":13}},"type":"if","locations":[{"start":{"line":23,"column":12},"end":{"line":25,"column":13}},{"start":{},"end":{}}],"line":23}},"s":{"0":1,"1":10,"2":10,"3":10,"4":10,"5":1,"6":10,"7":10,"8":36,"9":36,"10":36,"11":8,"12":10,"13":4,"14":14,"15":6,"16":8,"17":0,"18":10},"f":{"0":10,"1":10,"2":36},"b":{"0":[8,10,4,14,0],"1":[36,12],"2":[28,10],"3":[18,18],"4":[14,14],"5":[6,8]},"_coverageSchema":"1a1c01bbd47fc00a2c39e90264f33305004495a9","hash":"d732f62cfed8e69dc46afe9b3e548f9822f327c4"}
,"/home/yonaka/46/src/index.js": {"path":"/home/yonaka/46/src/index.js","statementMap":{"0":{"start":{"line":7,"column":22},"end":{"line":7,"column":73}},"1":{"start":{"line":7,"column":36},"end":{"line":7,"column":73}},"2":{"start":{"line":8,"column":21},"end":{"line":8,"column":84}},"3":{"start":{"line":8,"column":35},"end":{"line":8,"column":84}},"4":{"start":{"line":9,"column":22},"end":{"line":9,"column":81}},"5":{"start":{"line":9,"column":36},"end":{"line":9,"column":81}},"6":{"start":{"line":11,"column":16},"end":{"line":17,"column":1}},"7":{"start":{"line":12,"column":18},"end":{"line":12,"column":78}},"8":{"start":{"line":13,"column":18},"end":{"line":13,"column":78}},"9":{"start":{"line":14,"column":21},"end":{"line":14,"column":44}},"10":{"start":{"line":16,"column":4},"end":{"line":16,"column":36}}},"fnMap":{"0":{"name":"(anonymous_0)","decl":{"start":{"line":7,"column":22},"end":{"line":7,"column":23}},"loc":{"start":{"line":7,"column":36},"end":{"line":7,"column":73}},"line":7},"1":{"name":"(anonymous_1)","decl":{"start":{"line":8,"column":21},"end":{"line":8,"column":22}},"loc":{"start":{"line":8,"column":35},"end":{"line":8,"column":84}},"line":8},"2":{"name":"(anonymous_2)","decl":{"start":{"line":9,"column":22},"end":{"line":9,"column":23}},"loc":{"start":{"line":9,"column":36},"end":{"line":9,"column":81}},"line":9},"3":{"name":"(anonymous_3)","decl":{"start":{"line":11,"column":16},"end":{"line":11,"column":17}},"loc":{"start":{"line":11,"column":62},"end":{"line":17,"column":1}},"line":11}},"branchMap":{"0":{"loc":{"start":{"line":11,"column":39},"end":{"line":11,"column":57}},"type":"default-arg","locations":[{"start":{"line":11,"column":48},"end":{"line":11,"column":57}}],"line":11}},"s":{"0":1,"1":4,"2":1,"3":4,"4":1,"5":4,"6":1,"7":2,"8":2,"9":2,"10":2},"f":{"0":4,"1":4,"2":4,"3":2},"b":{"0":[2]},"_coverageSchema":"1a1c01bbd47fc00a2c39e90264f33305004495a9","hash":"318014cfec6f926c04c1ed9fbe1c1fe94a77155b"}
,"/home/yonaka/46/src/parsers.js": {"path":"/home/yonaka/46/src/parsers.js","statementMap":{"0":{"start":{"line":3,"column":18},"end":{"line":13,"column":1}},"1":{"start":{"line":4,"column":4},"end":{"line":12,"column":5}},"2":{"start":{"line":6,"column":8},"end":{"line":6,"column":31}},"3":{"start":{"line":9,"column":8},"end":{"line":9,"column":30}},"4":{"start":{"line":11,"column":8},"end":{"line":11,"column":82}}},"fnMap":{"0":{"name":"(anonymous_0)","decl":{"start":{"line":3,"column":18},"end":{"line":3,"column":19}},"loc":{"start":{"line":3,"column":40},"end":{"line":13,"column":1}},"line":3}},"branchMap":{"0":{"loc":{"start":{"line":4,"column":4},"end":{"line":12,"column":5}},"type":"switch","locations":[{"start":{"line":5,"column":4},"end":{"line":6,"column":31}},{"start":{"line":7,"column":4},"end":{"line":7,"column":15}},{"start":{"line":8,"column":4},"end":{"line":9,"column":30}},{"start":{"line":10,"column":4},"end":{"line":11,"column":82}}],"line":4}},"s":{"0":1,"1":4,"2":2,"3":2,"4":0},"f":{"0":4},"b":{"0":[2,0,2,0]},"_coverageSchema":"1a1c01bbd47fc00a2c39e90264f33305004495a9","hash":"dfc684f776799a5f545fa798bc02d86d8ea7c3a5"}
,"/home/yonaka/46/src/formatters/index.js": {"path":"/home/yonaka/46/src/formatters/index.js","statementMap":{"0":{"start":{"line":4,"column":16},"end":{"line":15,"column":1}},"1":{"start":{"line":5,"column":4},"end":{"line":14,"column":5}},"2":{"start":{"line":7,"column":8},"end":{"line":7,"column":39}},"3":{"start":{"line":9,"column":8},"end":{"line":9,"column":39}},"4":{"start":{"line":11,"column":8},"end":{"line":11,"column":37}},"5":{"start":{"line":13,"column":8},"end":{"line":13,"column":73}}},"fnMap":{"0":{"name":"(anonymous_0)","decl":{"start":{"line":4,"column":16},"end":{"line":4,"column":17}},"loc":{"start":{"line":4,"column":38},"end":{"line":15,"column":1}},"line":4}},"branchMap":{"0":{"loc":{"start":{"line":5,"column":4},"end":{"line":14,"column":5}},"type":"switch","locations":[{"start":{"line":6,"column":4},"end":{"line":7,"column":39}},{"start":{"line":8,"column":4},"end":{"line":9,"column":39}},{"start":{"line":10,"column":4},"end":{"line":11,"column":37}},{"start":{"line":12,"column":4},"end":{"line":13,"column":73}}],"line":5}},"s":{"0":1,"1":2,"2":0,"3":2,"4":0,"5":0},"f":{"0":2},"b":{"0":[0,2,0,0]},"_coverageSchema":"1a1c01bbd47fc00a2c39e90264f33305004495a9","hash":"3529f9acf176081f0e6aa1d5bef0e5b066f820ed"}
,"/home/yonaka/46/src/formatters/plain.js": {"path":"/home/yonaka/46/src/formatters/plain.js","statementMap":{"0":{"start":{"line":3,"column":18},"end":{"line":8,"column":1}},"1":{"start":{"line":4,"column":4},"end":{"line":6,"column":5}},"2":{"start":{"line":5,"column":8},"end":{"line":5,"column":32}},"3":{"start":{"line":7,"column":4},"end":{"line":7,"column":59}},"4":{"start":{"line":10,"column":21},"end":{"line":35,"column":1}},"5":{"start":{"line":11,"column":17},"end":{"line":33,"column":5}},"6":{"start":{"line":12,"column":22},"end":{"line":31,"column":10}},"7":{"start":{"line":13,"column":36},"end":{"line":13,"column":43}},"8":{"start":{"line":15,"column":32},"end":{"line":15,"column":46}},"9":{"start":{"line":17,"column":12},"end":{"line":30,"column":13}},"10":{"start":{"line":19,"column":16},"end":{"line":19,"column":58}},"11":{"start":{"line":21,"column":16},"end":{"line":21,"column":151}},"12":{"start":{"line":23,"column":16},"end":{"line":23,"column":110}},"13":{"start":{"line":25,"column":16},"end":{"line":25,"column":72}},"14":{"start":{"line":27,"column":16},"end":{"line":27,"column":25}},"15":{"start":{"line":29,"column":16},"end":{"line":29,"column":82}},"16":{"start":{"line":32,"column":8},"end":{"line":32,"column":31}},"17":{"start":{"line":34,"column":4},"end":{"line":34,"column":29}}},"fnMap":{"0":{"name":"(anonymous_0)","decl":{"start":{"line":3,"column":18},"end":{"line":3,"column":19}},"loc":{"start":{"line":3,"column":29},"end":{"line":8,"column":1}},"line":3},"1":{"name":"(anonymous_1)","decl":{"start":{"line":10,"column":21},"end":{"line":10,"column":22}},"loc":{"start":{"line":10,"column":35},"end":{"line":35,"column":1}},"line":10},"2":{"name":"(anonymous_2)","decl":{"start":{"line":11,"column":17},"end":{"line":11,"column":18}},"loc":{"start":{"line":11,"column":33},"end":{"line":33,"column":5}},"line":11},"3":{"name":"(anonymous_3)","decl":{"start":{"line":12,"column":35},"end":{"line":12,"column":36}},"loc":{"start":{"line":12,"column":48},"end":{"line":31,"column":9}},"line":12}},"branchMap":{"0":{"loc":{"start":{"line":4,"column":4},"end":{"line":6,"column":5}},"type":"if","locations":[{"start":{"line":4,"column":4},"end":{"line":6,"column":5}},{"start":{},"end":{}}],"line":4},"1":{"loc":{"start":{"line":7,"column":11},"end":{"line":7,"column":59}},"type":"cond-expr","locations":[{"start":{"line":7,"column":31},"end":{"line":7,"column":43}},{"start":{"line":7,"column":46},"end":{"line":7,"column":59}}],"line":7},"2":{"loc":{"start":{"line":17,"column":12},"end":{"line":30,"column":13}},"type":"switch","locations":[{"start":{"line":18,"column":12},"end":{"line":19,"column":58}},{"start":{"line":20,"column":12},"end":{"line":21,"column":151}},{"start":{"line":22,"column":12},"end":{"line":23,"column":110}},{"start":{"line":24,"column":12},"end":{"line":25,"column":72}},{"start":{"line":26,"column":12},"end":{"line":27,"column":25}},{"start":{"line":28,"column":12},"end":{"line":29,"column":82}}],"line":17}},"s":{"0":1,"1":0,"2":0,"3":0,"4":1,"5":0,"6":0,"7":0,"8":0,"9":0,"10":0,"11":0,"12":0,"13":0,"14":0,"15":0,"16":0,"17":0},"f":{"0":0,"1":0,"2":0,"3":0},"b":{"0":[0,0],"1":[0,0],"2":[0,0,0,0,0,0]},"_coverageSchema":"1a1c01bbd47fc00a2c39e90264f33305004495a9","hash":"ab61b254e894ce66e35791ce254eaa94fe05683a"}
,"/home/yonaka/46/src/formatters/stylish.js": {"path":"/home/yonaka/46/src/formatters/stylish.js","statementMap":{"0":{"start":{"line":3,"column":18},"end":{"line":3,"column":85}},"1":{"start":{"line":3,"column":50},"end":{"line":3,"column":85}},"2":{"start":{"line":5,"column":16},"end":{"line":10,"column":1}},"3":{"start":{"line":12,"column":18},"end":{"line":21,"column":1}},"4":{"start":{"line":13,"column":4},"end":{"line":15,"column":5}},"5":{"start":{"line":14,"column":8},"end":{"line":14,"column":27}},"6":{"start":{"line":16,"column":18},"end":{"line":18,"column":111}},"7":{"start":{"line":18,"column":31},"end":{"line":18,"column":110}},"8":{"start":{"line":20,"column":4},"end":{"line":20,"column":59}},"9":{"start":{"line":23,"column":23},"end":{"line":44,"column":1}},"10":{"start":{"line":24,"column":17},"end":{"line":42,"column":5}},"11":{"start":{"line":25,"column":22},"end":{"line":40,"column":10}},"12":{"start":{"line":26,"column":36},"end":{"line":26,"column":43}},"13":{"start":{"line":27,"column":12},"end":{"line":39,"column":13}},"14":{"start":{"line":29,"column":16},"end":{"line":29,"column":131}},"15":{"start":{"line":31,"column":16},"end":{"line":32,"column":103}},"16":{"start":{"line":36,"column":16},"end":{"line":36,"column":104}},"17":{"start":{"line":38,"column":16},"end":{"line":38,"column":82}},"18":{"start":{"line":41,"column":8},"end":{"line":41,"column":31}},"19":{"start":{"line":43,"column":4},"end":{"line":43,"column":39}}},"fnMap":{"0":{"name":"(anonymous_0)","decl":{"start":{"line":3,"column":18},"end":{"line":3,"column":19}},"loc":{"start":{"line":3,"column":50},"end":{"line":3,"column":85}},"line":3},"1":{"name":"(anonymous_1)","decl":{"start":{"line":12,"column":18},"end":{"line":12,"column":19}},"loc":{"start":{"line":12,"column":35},"end":{"line":21,"column":1}},"line":12},"2":{"name":"(anonymous_2)","decl":{"start":{"line":18,"column":13},"end":{"line":18,"column":14}},"loc":{"start":{"line":18,"column":31},"end":{"line":18,"column":110}},"line":18},"3":{"name":"(anonymous_3)","decl":{"start":{"line":23,"column":23},"end":{"line":23,"column":24}},"loc":{"start":{"line":23,"column":37},"end":{"line":44,"column":1}},"line":23},"4":{"name":"(anonymous_4)","decl":{"start":{"line":24,"column":17},"end":{"line":24,"column":18}},"loc":{"start":{"line":24,"column":34},"end":{"line":42,"column":5}},"line":24},"5":{"name":"(anonymous_5)","decl":{"start":{"line":25,"column":35},"end":{"line":25,"column":36}},"loc":{"start":{"line":25,"column":48},"end":{"line":40,"column":9}},"line":25}},"branchMap":{"0":{"loc":{"start":{"line":3,"column":19},"end":{"line":3,"column":28}},"type":"default-arg","locations":[{"start":{"line":3,"column":27},"end":{"line":3,"column":28}}],"line":3},"1":{"loc":{"start":{"line":3,"column":30},"end":{"line":3,"column":45}},"type":"default-arg","locations":[{"start":{"line":3,"column":44},"end":{"line":3,"column":45}}],"line":3},"2":{"loc":{"start":{"line":13,"column":4},"end":{"line":15,"column":5}},"type":"if","locations":[{"start":{"line":13,"column":4},"end":{"line":15,"column":5}},{"start":{},"end":{}}],"line":13},"3":{"loc":{"start":{"line":27,"column":12},"end":{"line":39,"column":13}},"type":"switch","locations":[{"start":{"line":28,"column":12},"end":{"line":29,"column":131}},{"start":{"line":30,"column":12},"end":{"line":32,"column":103}},{"start":{"line":33,"column":12},"end":{"line":33,"column":25}},{"start":{"line":34,"column":12},"end":{"line":34,"column":27}},{"start":{"line":35,"column":12},"end":{"line":36,"column":104}},{"start":{"line":37,"column":12},"end":{"line":38,"column":82}}],"line":27}},"s":{"0":1,"1":84,"2":1,"3":1,"4":54,"5":40,"6":14,"7":18,"8":14,"9":1,"10":2,"11":10,"12":36,"13":36,"14":8,"15":8,"16":20,"17":0,"18":10,"19":2},"f":{"0":84,"1":54,"2":18,"3":2,"4":10,"5":36},"b":{"0":[0],"1":[84],"2":[40,14],"3":[8,8,10,14,20,0]},"_coverageSchema":"1a1c01bbd47fc00a2c39e90264f33305004495a9","hash":"0bb59ed39ade284ca7c423568d5e9cb33db34feb"}
}
