{"/home/yonaka/46/src/buildTree.js": {"path":"/home/yonaka/46/src/buildTree.js","statementMap":{"0":{"start":{"line":3,"column":17},"end":{"line":8,"column":1}},"1":{"start":{"line":4,"column":16},"end":{"line":4,"column":34}},"2":{"start":{"line":5,"column":16},"end":{"line":5,"column":34}},"3":{"start":{"line":6,"column":21},"end":{"line":6,"column":52}},"4":{"start":{"line":7,"column":2},"end":{"line":7,"column":19}},"5":{"start":{"line":10,"column":18},"end":{"line":34,"column":1}},"6":{"start":{"line":11,"column":15},"end":{"line":11,"column":37}},"7":{"start":{"line":12,"column":19},"end":{"line":32,"column":4}},"8":{"start":{"line":13,"column":21},"end":{"line":13,"column":31}},"9":{"start":{"line":14,"column":21},"end":{"line":14,"column":31}},"10":{"start":{"line":15,"column":4},"end":{"line":31,"column":5}},"11":{"start":{"line":17,"column":8},"end":{"line":17,"column":81}},"12":{"start":{"line":19,"column":8},"end":{"line":19,"column":58}},"13":{"start":{"line":21,"column":8},"end":{"line":21,"column":60}},"14":{"start":{"line":23,"column":8},"end":{"line":25,"column":9}},"15":{"start":{"line":24,"column":10},"end":{"line":24,"column":63}},"16":{"start":{"line":26,"column":8},"end":{"line":28,"column":9}},"17":{"start":{"line":30,"column":8},"end":{"line":30,"column":61}},"18":{"start":{"line":33,"column":2},"end":{"line":33,"column":17}}},"fnMap":{"0":{"name":"(anonymous_0)","decl":{"start":{"line":3,"column":17},"end":{"line":3,"column":18}},"loc":{"start":{"line":3,"column":35},"end":{"line":8,"column":1}},"line":3},"1":{"name":"(anonymous_1)","decl":{"start":{"line":10,"column":18},"end":{"line":10,"column":19}},"loc":{"start":{"line":10,"column":36},"end":{"line":34,"column":1}},"line":10},"2":{"name":"(anonymous_2)","decl":{"start":{"line":12,"column":28},"end":{"line":12,"column":29}},"loc":{"start":{"line":12,"column":37},"end":{"line":32,"column":3}},"line":12}},"branchMap":{"0":{"loc":{"start":{"line":15,"column":4},"end":{"line":31,"column":5}},"type":"switch","locations":[{"start":{"line":16,"column":6},"end":{"line":17,"column":81}},{"start":{"line":18,"column":6},"end":{"line":19,"column":58}},{"start":{"line":20,"column":6},"end":{"line":21,"column":60}},{"start":{"line":22,"column":6},"end":{"line":28,"column":9}},{"start":{"line":29,"column":6},"end":{"line":30,"column":61}}],"line":15},"1":{"loc":{"start":{"line":16,"column":11},"end":{"line":16,"column":55}},"type":"binary-expr","locations":[{"start":{"line":16,"column":11},"end":{"line":16,"column":31}},{"start":{"line":16,"column":35},"end":{"line":16,"column":55}}],"line":16},"2":{"loc":{"start":{"line":18,"column":11},"end":{"line":18,"column":50}},"type":"binary-expr","locations":[{"start":{"line":18,"column":11},"end":{"line":18,"column":29}},{"start":{"line":18,"column":33},"end":{"line":18,"column":50}}],"line":18},"3":{"loc":{"start":{"line":20,"column":11},"end":{"line":20,"column":50}},"type":"binary-expr","locations":[{"start":{"line":20,"column":11},"end":{"line":20,"column":28}},{"start":{"line":20,"column":32},"end":{"line":20,"column":50}}],"line":20},"4":{"loc":{"start":{"line":22,"column":11},"end":{"line":22,"column":49}},"type":"binary-expr","locations":[{"start":{"line":22,"column":11},"end":{"line":22,"column":28}},{"start":{"line":22,"column":32},"end":{"line":22,"column":49}}],"line":22},"5":{"loc":{"start":{"line":23,"column":8},"end":{"line":25,"column":9}},"type":"if","locations":[{"start":{"line":23,"column":8},"end":{"line":25,"column":9}},{"start":{},"end":{}}],"line":23}},"s":{"0":1,"1":10,"2":10,"3":10,"4":10,"5":1,"6":10,"7":10,"8":36,"9":36,"10":36,"11":8,"12":10,"13":4,"14":14,"15":6,"16":8,"17":0,"18":10},"f":{"0":10,"1":10,"2":36},"b":{"0":[8,10,4,14,0],"1":[36,12],"2":[28,10],"3":[18,18],"4":[14,14],"5":[6,8]},"_coverageSchema":"1a1c01bbd47fc00a2c39e90264f33305004495a9","hash":"8deec5c6250e56718b0d3f9556aea1c8d83d44e3"}
,"/home/yonaka/46/src/index.js": {"path":"/home/yonaka/46/src/index.js","statementMap":{"0":{"start":{"line":7,"column":22},"end":{"line":7,"column":73}},"1":{"start":{"line":7,"column":36},"end":{"line":7,"column":73}},"2":{"start":{"line":8,"column":21},"end":{"line":8,"column":84}},"3":{"start":{"line":8,"column":35},"end":{"line":8,"column":84}},"4":{"start":{"line":9,"column":22},"end":{"line":9,"column":81}},"5":{"start":{"line":9,"column":36},"end":{"line":9,"column":81}},"6":{"start":{"line":11,"column":16},"end":{"line":17,"column":1}},"7":{"start":{"line":12,"column":16},"end":{"line":12,"column":76}},"8":{"start":{"line":13,"column":16},"end":{"line":13,"column":76}},"9":{"start":{"line":14,"column":19},"end":{"line":14,"column":42}},"10":{"start":{"line":16,"column":2},"end":{"line":16,"column":34}}},"fnMap":{"0":{"name":"(anonymous_0)","decl":{"start":{"line":7,"column":22},"end":{"line":7,"column":23}},"loc":{"start":{"line":7,"column":36},"end":{"line":7,"column":73}},"line":7},"1":{"name":"(anonymous_1)","decl":{"start":{"line":8,"column":21},"end":{"line":8,"column":22}},"loc":{"start":{"line":8,"column":35},"end":{"line":8,"column":84}},"line":8},"2":{"name":"(anonymous_2)","decl":{"start":{"line":9,"column":22},"end":{"line":9,"column":23}},"loc":{"start":{"line":9,"column":36},"end":{"line":9,"column":81}},"line":9},"3":{"name":"(anonymous_3)","decl":{"start":{"line":11,"column":16},"end":{"line":11,"column":17}},"loc":{"start":{"line":11,"column":62},"end":{"line":17,"column":1}},"line":11}},"branchMap":{"0":{"loc":{"start":{"line":11,"column":39},"end":{"line":11,"column":57}},"type":"default-arg","locations":[{"start":{"line":11,"column":48},"end":{"line":11,"column":57}}],"line":11}},"s":{"0":1,"1":4,"2":1,"3":4,"4":1,"5":4,"6":1,"7":2,"8":2,"9":2,"10":2},"f":{"0":4,"1":4,"2":4,"3":2},"b":{"0":[2]},"_coverageSchema":"1a1c01bbd47fc00a2c39e90264f33305004495a9","hash":"4184f78cd82efe0709209b8166e7c3eaf1fbd9c3"}
,"/home/yonaka/46/src/parsers.js": {"path":"/home/yonaka/46/src/parsers.js","statementMap":{"0":{"start":{"line":3,"column":18},"end":{"line":13,"column":1}},"1":{"start":{"line":4,"column":2},"end":{"line":12,"column":3}},"2":{"start":{"line":6,"column":6},"end":{"line":6,"column":29}},"3":{"start":{"line":9,"column":6},"end":{"line":9,"column":28}},"4":{"start":{"line":11,"column":6},"end":{"line":11,"column":80}}},"fnMap":{"0":{"name":"(anonymous_0)","decl":{"start":{"line":3,"column":18},"end":{"line":3,"column":19}},"loc":{"start":{"line":3,"column":40},"end":{"line":13,"column":1}},"line":3}},"branchMap":{"0":{"loc":{"start":{"line":4,"column":2},"end":{"line":12,"column":3}},"type":"switch","locations":[{"start":{"line":5,"column":4},"end":{"line":6,"column":29}},{"start":{"line":7,"column":4},"end":{"line":7,"column":15}},{"start":{"line":8,"column":4},"end":{"line":9,"column":28}},{"start":{"line":10,"column":4},"end":{"line":11,"column":80}}],"line":4}},"s":{"0":1,"1":4,"2":2,"3":2,"4":0},"f":{"0":4},"b":{"0":[2,0,2,0]},"_coverageSchema":"1a1c01bbd47fc00a2c39e90264f33305004495a9","hash":"2234d8ca3c81b02df48c782987b541e7e74fd8d9"}
,"/home/yonaka/46/src/formatters/index.js": {"path":"/home/yonaka/46/src/formatters/index.js","statementMap":{"0":{"start":{"line":4,"column":16},"end":{"line":15,"column":1}},"1":{"start":{"line":5,"column":2},"end":{"line":14,"column":3}},"2":{"start":{"line":7,"column":6},"end":{"line":7,"column":37}},"3":{"start":{"line":9,"column":6},"end":{"line":9,"column":37}},"4":{"start":{"line":11,"column":6},"end":{"line":11,"column":35}},"5":{"start":{"line":13,"column":6},"end":{"line":13,"column":71}}},"fnMap":{"0":{"name":"(anonymous_0)","decl":{"start":{"line":4,"column":16},"end":{"line":4,"column":17}},"loc":{"start":{"line":4,"column":38},"end":{"line":15,"column":1}},"line":4}},"branchMap":{"0":{"loc":{"start":{"line":5,"column":2},"end":{"line":14,"column":3}},"type":"switch","locations":[{"start":{"line":6,"column":4},"end":{"line":7,"column":37}},{"start":{"line":8,"column":4},"end":{"line":9,"column":37}},{"start":{"line":10,"column":4},"end":{"line":11,"column":35}},{"start":{"line":12,"column":4},"end":{"line":13,"column":71}}],"line":5}},"s":{"0":1,"1":2,"2":0,"3":2,"4":0,"5":0},"f":{"0":2},"b":{"0":[0,2,0,0]},"_coverageSchema":"1a1c01bbd47fc00a2c39e90264f33305004495a9","hash":"2428fddafeeb803b188df3fa9427050afc4a052a"}
,"/home/yonaka/46/src/formatters/plain.js": {"path":"/home/yonaka/46/src/formatters/plain.js","statementMap":{"0":{"start":{"line":3,"column":18},"end":{"line":8,"column":1}},"1":{"start":{"line":4,"column":2},"end":{"line":6,"column":3}},"2":{"start":{"line":5,"column":4},"end":{"line":5,"column":28}},"3":{"start":{"line":7,"column":2},"end":{"line":7,"column":57}},"4":{"start":{"line":10,"column":21},"end":{"line":35,"column":1}},"5":{"start":{"line":11,"column":15},"end":{"line":33,"column":3}},"6":{"start":{"line":12,"column":18},"end":{"line":31,"column":6}},"7":{"start":{"line":13,"column":30},"end":{"line":13,"column":37}},"8":{"start":{"line":15,"column":26},"end":{"line":15,"column":40}},"9":{"start":{"line":17,"column":6},"end":{"line":30,"column":7}},"10":{"start":{"line":19,"column":10},"end":{"line":19,"column":52}},"11":{"start":{"line":21,"column":10},"end":{"line":21,"column":145}},"12":{"start":{"line":23,"column":10},"end":{"line":23,"column":104}},"13":{"start":{"line":25,"column":10},"end":{"line":25,"column":66}},"14":{"start":{"line":27,"column":10},"end":{"line":27,"column":19}},"15":{"start":{"line":29,"column":10},"end":{"line":29,"column":76}},"16":{"start":{"line":32,"column":4},"end":{"line":32,"column":27}},"17":{"start":{"line":34,"column":2},"end":{"line":34,"column":27}}},"fnMap":{"0":{"name":"(anonymous_0)","decl":{"start":{"line":3,"column":18},"end":{"line":3,"column":19}},"loc":{"start":{"line":3,"column":29},"end":{"line":8,"column":1}},"line":3},"1":{"name":"(anonymous_1)","decl":{"start":{"line":10,"column":21},"end":{"line":10,"column":22}},"loc":{"start":{"line":10,"column":35},"end":{"line":35,"column":1}},"line":10},"2":{"name":"(anonymous_2)","decl":{"start":{"line":11,"column":15},"end":{"line":11,"column":16}},"loc":{"start":{"line":11,"column":31},"end":{"line":33,"column":3}},"line":11},"3":{"name":"(anonymous_3)","decl":{"start":{"line":12,"column":31},"end":{"line":12,"column":32}},"loc":{"start":{"line":12,"column":44},"end":{"line":31,"column":5}},"line":12}},"branchMap":{"0":{"loc":{"start":{"line":4,"column":2},"end":{"line":6,"column":3}},"type":"if","locations":[{"start":{"line":4,"column":2},"end":{"line":6,"column":3}},{"start":{},"end":{}}],"line":4},"1":{"loc":{"start":{"line":7,"column":9},"end":{"line":7,"column":57}},"type":"cond-expr","locations":[{"start":{"line":7,"column":29},"end":{"line":7,"column":41}},{"start":{"line":7,"column":44},"end":{"line":7,"column":57}}],"line":7},"2":{"loc":{"start":{"line":17,"column":6},"end":{"line":30,"column":7}},"type":"switch","locations":[{"start":{"line":18,"column":8},"end":{"line":19,"column":52}},{"start":{"line":20,"column":8},"end":{"line":21,"column":145}},{"start":{"line":22,"column":8},"end":{"line":23,"column":104}},{"start":{"line":24,"column":8},"end":{"line":25,"column":66}},{"start":{"line":26,"column":8},"end":{"line":27,"column":19}},{"start":{"line":28,"column":8},"end":{"line":29,"column":76}}],"line":17}},"s":{"0":1,"1":0,"2":0,"3":0,"4":1,"5":0,"6":0,"7":0,"8":0,"9":0,"10":0,"11":0,"12":0,"13":0,"14":0,"15":0,"16":0,"17":0},"f":{"0":0,"1":0,"2":0,"3":0},"b":{"0":[0,0],"1":[0,0],"2":[0,0,0,0,0,0]},"_coverageSchema":"1a1c01bbd47fc00a2c39e90264f33305004495a9","hash":"deb69d682372a8e0946fb6932e73aadd37f3615f"}
,"/home/yonaka/46/src/formatters/stylish.js": {"path":"/home/yonaka/46/src/formatters/stylish.js","statementMap":{"0":{"start":{"line":3,"column":18},"end":{"line":3,"column":85}},"1":{"start":{"line":3,"column":50},"end":{"line":3,"column":85}},"2":{"start":{"line":5,"column":16},"end":{"line":10,"column":1}},"3":{"start":{"line":12,"column":18},"end":{"line":21,"column":1}},"4":{"start":{"line":13,"column":2},"end":{"line":15,"column":3}},"5":{"start":{"line":14,"column":4},"end":{"line":14,"column":23}},"6":{"start":{"line":16,"column":16},"end":{"line":18,"column":107}},"7":{"start":{"line":18,"column":27},"end":{"line":18,"column":106}},"8":{"start":{"line":20,"column":2},"end":{"line":20,"column":57}},"9":{"start":{"line":23,"column":23},"end":{"line":44,"column":1}},"10":{"start":{"line":24,"column":15},"end":{"line":42,"column":3}},"11":{"start":{"line":25,"column":18},"end":{"line":40,"column":6}},"12":{"start":{"line":26,"column":30},"end":{"line":26,"column":37}},"13":{"start":{"line":27,"column":6},"end":{"line":39,"column":7}},"14":{"start":{"line":29,"column":10},"end":{"line":29,"column":125}},"15":{"start":{"line":31,"column":10},"end":{"line":32,"column":96}},"16":{"start":{"line":36,"column":10},"end":{"line":36,"column":98}},"17":{"start":{"line":38,"column":10},"end":{"line":38,"column":76}},"18":{"start":{"line":41,"column":4},"end":{"line":41,"column":27}},"19":{"start":{"line":43,"column":2},"end":{"line":43,"column":37}}},"fnMap":{"0":{"name":"(anonymous_0)","decl":{"start":{"line":3,"column":18},"end":{"line":3,"column":19}},"loc":{"start":{"line":3,"column":50},"end":{"line":3,"column":85}},"line":3},"1":{"name":"(anonymous_1)","decl":{"start":{"line":12,"column":18},"end":{"line":12,"column":19}},"loc":{"start":{"line":12,"column":35},"end":{"line":21,"column":1}},"line":12},"2":{"name":"(anonymous_2)","decl":{"start":{"line":18,"column":9},"end":{"line":18,"column":10}},"loc":{"start":{"line":18,"column":27},"end":{"line":18,"column":106}},"line":18},"3":{"name":"(anonymous_3)","decl":{"start":{"line":23,"column":23},"end":{"line":23,"column":24}},"loc":{"start":{"line":23,"column":37},"end":{"line":44,"column":1}},"line":23},"4":{"name":"(anonymous_4)","decl":{"start":{"line":24,"column":15},"end":{"line":24,"column":16}},"loc":{"start":{"line":24,"column":32},"end":{"line":42,"column":3}},"line":24},"5":{"name":"(anonymous_5)","decl":{"start":{"line":25,"column":31},"end":{"line":25,"column":32}},"loc":{"start":{"line":25,"column":44},"end":{"line":40,"column":5}},"line":25}},"branchMap":{"0":{"loc":{"start":{"line":3,"column":19},"end":{"line":3,"column":28}},"type":"default-arg","locations":[{"start":{"line":3,"column":27},"end":{"line":3,"column":28}}],"line":3},"1":{"loc":{"start":{"line":3,"column":30},"end":{"line":3,"column":45}},"type":"default-arg","locations":[{"start":{"line":3,"column":44},"end":{"line":3,"column":45}}],"line":3},"2":{"loc":{"start":{"line":13,"column":2},"end":{"line":15,"column":3}},"type":"if","locations":[{"start":{"line":13,"column":2},"end":{"line":15,"column":3}},{"start":{},"end":{}}],"line":13},"3":{"loc":{"start":{"line":27,"column":6},"end":{"line":39,"column":7}},"type":"switch","locations":[{"start":{"line":28,"column":8},"end":{"line":29,"column":125}},{"start":{"line":30,"column":8},"end":{"line":32,"column":96}},{"start":{"line":33,"column":8},"end":{"line":33,"column":21}},{"start":{"line":34,"column":8},"end":{"line":34,"column":23}},{"start":{"line":35,"column":8},"end":{"line":36,"column":98}},{"start":{"line":37,"column":8},"end":{"line":38,"column":76}}],"line":27}},"s":{"0":1,"1":84,"2":1,"3":1,"4":54,"5":40,"6":14,"7":18,"8":14,"9":1,"10":2,"11":10,"12":36,"13":36,"14":8,"15":8,"16":20,"17":0,"18":10,"19":2},"f":{"0":84,"1":54,"2":18,"3":2,"4":10,"5":36},"b":{"0":[0],"1":[84],"2":[40,14],"3":[8,8,10,14,20,0]},"_coverageSchema":"1a1c01bbd47fc00a2c39e90264f33305004495a9","hash":"e3d9529c80e8f37ca74eab3cc2c3b66e95cc50ba"}
}
