TN:
SF:src/buildTree.js
FN:3,(anonymous_0)
FN:10,(anonymous_1)
FN:12,(anonymous_2)
FNF:3
FNH:3
FNDA:10,(anonymous_0)
FNDA:10,(anonymous_1)
FNDA:36,(anonymous_2)
DA:3,1
DA:4,10
DA:5,10
DA:6,10
DA:7,10
DA:10,1
DA:11,10
DA:12,10
DA:13,36
DA:14,36
DA:15,36
DA:17,8
DA:19,10
DA:21,4
DA:23,14
DA:24,6
DA:26,8
DA:30,0
DA:33,10
LF:19
LH:18
BRDA:15,0,0,8
BRDA:15,0,1,10
BRDA:15,0,2,4
BRDA:15,0,3,14
BRDA:15,0,4,0
BRDA:16,1,0,36
BRDA:16,1,1,12
BRDA:18,2,0,28
BRDA:18,2,1,10
BRDA:20,3,0,18
BRDA:20,3,1,18
BRDA:22,4,0,14
BRDA:22,4,1,14
BRDA:23,5,0,6
BRDA:23,5,1,8
BRF:15
BRH:14
end_of_record
TN:
SF:src/index.js
FN:7,(anonymous_0)
FN:8,(anonymous_1)
FN:9,(anonymous_2)
FN:11,(anonymous_3)
FNF:4
FNH:4
FNDA:4,(anonymous_0)
FNDA:4,(anonymous_1)
FNDA:4,(anonymous_2)
FNDA:2,(anonymous_3)
DA:7,4
DA:8,4
DA:9,4
DA:11,1
DA:12,2
DA:13,2
DA:14,2
DA:16,2
LF:8
LH:8
BRDA:11,0,0,2
BRF:1
BRH:1
end_of_record
TN:
SF:src/parsers.js
FN:3,(anonymous_0)
FNF:1
FNH:1
FNDA:4,(anonymous_0)
DA:3,1
DA:4,4
DA:6,2
DA:9,2
DA:11,0
LF:5
LH:4
BRDA:4,0,0,2
BRDA:4,0,1,0
BRDA:4,0,2,2
BRDA:4,0,3,0
BRF:4
BRH:2
end_of_record
TN:
SF:src/formatters/index.js
FN:4,(anonymous_0)
FNF:1
FNH:1
FNDA:2,(anonymous_0)
DA:4,1
DA:5,2
DA:7,0
DA:9,2
DA:11,0
DA:13,0
LF:6
LH:3
BRDA:5,0,0,0
BRDA:5,0,1,2
BRDA:5,0,2,0
BRDA:5,0,3,0
BRF:4
BRH:1
end_of_record
TN:
SF:src/formatters/plain.js
FN:3,(anonymous_0)
FN:10,(anonymous_1)
FN:11,(anonymous_2)
FN:12,(anonymous_3)
FNF:4
FNH:0
FNDA:0,(anonymous_0)
FNDA:0,(anonymous_1)
FNDA:0,(anonymous_2)
FNDA:0,(anonymous_3)
DA:3,1
DA:4,0
DA:5,0
DA:7,0
DA:10,1
DA:11,0
DA:12,0
DA:13,0
DA:15,0
DA:17,0
DA:19,0
DA:21,0
DA:23,0
DA:25,0
DA:27,0
DA:29,0
DA:32,0
DA:34,0
LF:18
LH:2
BRDA:4,0,0,0
BRDA:4,0,1,0
BRDA:7,1,0,0
BRDA:7,1,1,0
BRDA:17,2,0,0
BRDA:17,2,1,0
BRDA:17,2,2,0
BRDA:17,2,3,0
BRDA:17,2,4,0
BRDA:17,2,5,0
BRF:10
BRH:0
end_of_record
TN:
SF:src/formatters/stylish.js
FN:3,(anonymous_0)
FN:12,(anonymous_1)
FN:18,(anonymous_2)
FN:23,(anonymous_3)
FN:24,(anonymous_4)
FN:25,(anonymous_5)
FNF:6
FNH:6
FNDA:84,(anonymous_0)
FNDA:54,(anonymous_1)
FNDA:18,(anonymous_2)
FNDA:2,(anonymous_3)
FNDA:10,(anonymous_4)
FNDA:36,(anonymous_5)
DA:3,84
DA:5,1
DA:12,1
DA:13,54
DA:14,40
DA:16,14
DA:18,18
DA:20,14
DA:23,1
DA:24,2
DA:25,10
DA:26,36
DA:27,36
DA:29,8
DA:31,8
DA:36,20
DA:38,0
DA:41,10
DA:43,2
LF:19
LH:18
BRDA:3,0,0,0
BRDA:3,1,0,84
BRDA:13,2,0,40
BRDA:13,2,1,14
BRDA:27,3,0,8
BRDA:27,3,1,8
BRDA:27,3,2,10
BRDA:27,3,3,14
BRDA:27,3,4,20
BRDA:27,3,5,0
BRF:10
BRH:8
end_of_record
